0 info it worked if it ends with ok
1 verbose cli [ 'C:\\program files\\nodejs\\node.exe',
1 verbose cli   'C:\\program files\\nodejs\\node_modules\\npm\\bin\\npm-cli.js',
1 verbose cli   'install',
1 verbose cli   'angular-2-local-storage' ]
2 info using npm@3.8.6
3 info using node@v6.0.0
4 silly loadCurrentTree Starting
5 silly install loadCurrentTree
6 silly install readLocalPackageData
7 silly fetchPackageMetaData angular-2-local-storage
8 silly fetchNamedPackageData angular-2-local-storage
9 silly mapToRegistry name angular-2-local-storage
10 silly mapToRegistry using default registry
11 silly mapToRegistry registry https://registry.npmjs.org/
12 silly mapToRegistry data Result {
12 silly mapToRegistry   raw: 'angular-2-local-storage',
12 silly mapToRegistry   scope: null,
12 silly mapToRegistry   name: 'angular-2-local-storage',
12 silly mapToRegistry   rawSpec: '',
12 silly mapToRegistry   spec: 'latest',
12 silly mapToRegistry   type: 'tag' }
13 silly mapToRegistry uri https://registry.npmjs.org/angular-2-local-storage
14 verbose request uri https://registry.npmjs.org/angular-2-local-storage
15 verbose request no auth needed
16 info attempt registry request try #1 at 2:44:37 PM
17 verbose request id 84eadb4c38f0e052
18 http request GET https://registry.npmjs.org/angular-2-local-storage
19 http 200 https://registry.npmjs.org/angular-2-local-storage
20 verbose headers { server: 'nginx/1.10.1',
20 verbose headers   etag: 'W/"588981ed-9845"',
20 verbose headers   'content-encoding': 'gzip',
20 verbose headers   'cache-control': 'max-age=300',
20 verbose headers   'accept-ranges': 'bytes',
20 verbose headers   date: 'Fri, 31 Mar 2017 09:14:38 GMT',
20 verbose headers   'x-served-by': 'cache-lhr6333-LHR',
20 verbose headers   'x-cache': 'HIT',
20 verbose headers   'x-cache-hits': '1',
20 verbose headers   'x-timer': 'S1490951678.788101,VS0,VE17',
20 verbose headers   vary: 'Accept-Encoding',
20 verbose headers   'content-length': '4463',
20 verbose headers   'content-type': 'application/json',
20 verbose headers   'last-modified': 'Thu, 26 Jan 2017 04:58:21 GMT',
20 verbose headers   age: '0',
20 verbose headers   connection: 'close' }
21 silly get cb [ 200,
21 silly get   { server: 'nginx/1.10.1',
21 silly get     etag: 'W/"588981ed-9845"',
21 silly get     'content-encoding': 'gzip',
21 silly get     'cache-control': 'max-age=300',
21 silly get     'accept-ranges': 'bytes',
21 silly get     date: 'Fri, 31 Mar 2017 09:14:38 GMT',
21 silly get     'x-served-by': 'cache-lhr6333-LHR',
21 silly get     'x-cache': 'HIT',
21 silly get     'x-cache-hits': '1',
21 silly get     'x-timer': 'S1490951678.788101,VS0,VE17',
21 silly get     vary: 'Accept-Encoding',
21 silly get     'content-length': '4463',
21 silly get     'content-type': 'application/json',
21 silly get     'last-modified': 'Thu, 26 Jan 2017 04:58:21 GMT',
21 silly get     age: '0',
21 silly get     connection: 'close' } ]
22 verbose get saving angular-2-local-storage to C:\Users\krishse\AppData\Roaming\npm-cache\registry.npmjs.org\angular-2-local-storage\.cache.json
23 verbose correctMkdir C:\Users\krishse\AppData\Roaming\npm-cache correctMkdir not in flight; initializing
24 silly install normalizeTree
25 silly loadCurrentTree Finishing
26 silly loadIdealTree Starting
27 silly install loadIdealTree
28 silly cloneCurrentTree Starting
29 silly install cloneCurrentTreeToIdealTree
30 silly cloneCurrentTree Finishing
31 silly loadShrinkwrap Starting
32 silly install loadShrinkwrap
33 silly loadShrinkwrap Finishing
34 silly loadAllDepsIntoIdealTree Starting
35 silly install loadAllDepsIntoIdealTree
36 silly resolveWithNewModule angular-2-local-storage@1.0.1 checking installable status
37 silly cache add args [ 'angular-2-local-storage', null ]
38 verbose cache add spec angular-2-local-storage
39 silly cache add parsed spec Result {
39 silly cache add   raw: 'angular-2-local-storage',
39 silly cache add   scope: null,
39 silly cache add   name: 'angular-2-local-storage',
39 silly cache add   rawSpec: '',
39 silly cache add   spec: 'latest',
39 silly cache add   type: 'tag' }
40 silly addNamed angular-2-local-storage@latest
41 verbose addNamed "latest" is being treated as a dist-tag for angular-2-local-storage
42 info addNameTag [ 'angular-2-local-storage', 'latest' ]
43 silly mapToRegistry name angular-2-local-storage
44 silly mapToRegistry using default registry
45 silly mapToRegistry registry https://registry.npmjs.org/
46 silly mapToRegistry data Result {
46 silly mapToRegistry   raw: 'angular-2-local-storage',
46 silly mapToRegistry   scope: null,
46 silly mapToRegistry   name: 'angular-2-local-storage',
46 silly mapToRegistry   rawSpec: '',
46 silly mapToRegistry   spec: 'latest',
46 silly mapToRegistry   type: 'tag' }
47 silly mapToRegistry uri https://registry.npmjs.org/angular-2-local-storage
48 verbose addNameTag registry:https://registry.npmjs.org/angular-2-local-storage not in flight; fetching
49 verbose get https://registry.npmjs.org/angular-2-local-storage not expired, no request
50 silly addNameTag next cb for angular-2-local-storage with tag latest
51 silly addNamed angular-2-local-storage@1.0.1
52 verbose addNamed "1.0.1" is a plain semver version for angular-2-local-storage
53 silly mapToRegistry name angular-2-local-storage
54 silly mapToRegistry using default registry
55 silly mapToRegistry registry https://registry.npmjs.org/
56 silly mapToRegistry data Result {
56 silly mapToRegistry   raw: 'angular-2-local-storage',
56 silly mapToRegistry   scope: null,
56 silly mapToRegistry   name: 'angular-2-local-storage',
56 silly mapToRegistry   rawSpec: '',
56 silly mapToRegistry   spec: 'latest',
56 silly mapToRegistry   type: 'tag' }
57 silly mapToRegistry uri https://registry.npmjs.org/angular-2-local-storage
58 verbose addRemoteTarball https://registry.npmjs.org/angular-2-local-storage/-/angular-2-local-storage-1.0.1.tgz not in flight; adding
59 verbose addRemoteTarball [ 'https://registry.npmjs.org/angular-2-local-storage/-/angular-2-local-storage-1.0.1.tgz',
59 verbose addRemoteTarball   '3b846c90b2fffc9124f7bacc347f22d043a1e3a4' ]
60 info retry fetch attempt 1 at 2:44:40 PM
61 info attempt registry request try #1 at 2:44:40 PM
62 http fetch GET https://registry.npmjs.org/angular-2-local-storage/-/angular-2-local-storage-1.0.1.tgz
63 http fetch 403 https://registry.npmjs.org/angular-2-local-storage/-/angular-2-local-storage-1.0.1.tgz
64 error fetch failed https://registry.npmjs.org/angular-2-local-storage/-/angular-2-local-storage-1.0.1.tgz
65 warn retry will retry, error on last attempt: Error: fetch failed with status code 403
66 info retry fetch attempt 2 at 2:44:51 PM
67 info attempt registry request try #1 at 2:44:51 PM
68 http fetch GET https://registry.npmjs.org/angular-2-local-storage/-/angular-2-local-storage-1.0.1.tgz
69 http fetch 403 https://registry.npmjs.org/angular-2-local-storage/-/angular-2-local-storage-1.0.1.tgz
70 error fetch failed https://registry.npmjs.org/angular-2-local-storage/-/angular-2-local-storage-1.0.1.tgz
71 warn retry will retry, error on last attempt: Error: fetch failed with status code 403
72 info retry fetch attempt 3 at 2:45:52 PM
73 info attempt registry request try #1 at 2:45:52 PM
74 http fetch GET https://registry.npmjs.org/angular-2-local-storage/-/angular-2-local-storage-1.0.1.tgz
75 http fetch 403 https://registry.npmjs.org/angular-2-local-storage/-/angular-2-local-storage-1.0.1.tgz
76 error fetch failed https://registry.npmjs.org/angular-2-local-storage/-/angular-2-local-storage-1.0.1.tgz
77 silly rollbackFailedOptional Starting
78 silly rollbackFailedOptional Finishing
79 silly runTopLevelLifecycles Starting
80 silly runTopLevelLifecycles Finishing
81 silly install printInstalled
82 verbose stack Error: fetch failed with status code 403
82 verbose stack     at Request.<anonymous> (C:\program files\nodejs\node_modules\npm\node_modules\npm-registry-client\lib\fetch.js:51:14)
82 verbose stack     at emitOne (events.js:96:13)
82 verbose stack     at Request.emit (events.js:188:7)
82 verbose stack     at Request.onRequestResponse (C:\program files\nodejs\node_modules\npm\node_modules\request\request.js:952:10)
82 verbose stack     at emitOne (events.js:96:13)
82 verbose stack     at ClientRequest.emit (events.js:188:7)
82 verbose stack     at HTTPParser.parserOnIncomingClient [as onIncoming] (_http_client.js:469:21)
82 verbose stack     at HTTPParser.parserOnHeadersComplete (_http_common.js:105:23)
82 verbose stack     at TLSSocket.socketOnData (_http_client.js:359:20)
82 verbose stack     at emitOne (events.js:96:13)
82 verbose stack     at TLSSocket.emit (events.js:188:7)
83 verbose cwd C:\Users\krishse\Desktop\Mine\From Reddy\dASH\EmailDashboardUI
84 error Windows_NT 6.1.7601
85 error argv "C:\\program files\\nodejs\\node.exe" "C:\\program files\\nodejs\\node_modules\\npm\\bin\\npm-cli.js" "install" "angular-2-local-storage"
86 error node v6.0.0
87 error npm  v3.8.6
88 error fetch failed with status code 403
89 error If you need help, you may report this error at:
89 error     <https://github.com/npm/npm/issues>
90 verbose exit [ 1, true ]
